15-Dec-2021 10:01:21.657 INFO [main] org.apache.catalina.startup.VersionLoggerListener.log Server version name:   Apache Tomcat/8.5.73
15-Dec-2021 10:01:21.707 INFO [main] org.apache.catalina.startup.VersionLoggerListener.log Server built:          Nov 11 2021 13:14:36 UTC
15-Dec-2021 10:01:21.708 INFO [main] org.apache.catalina.startup.VersionLoggerListener.log Server version number: 8.5.73.0
15-Dec-2021 10:01:21.708 INFO [main] org.apache.catalina.startup.VersionLoggerListener.log OS Name:               Linux
15-Dec-2021 10:01:21.708 INFO [main] org.apache.catalina.startup.VersionLoggerListener.log OS Version:            4.18.0-305.el8.x86_64
15-Dec-2021 10:01:21.708 INFO [main] org.apache.catalina.startup.VersionLoggerListener.log Architecture:          amd64
15-Dec-2021 10:01:21.708 INFO [main] org.apache.catalina.startup.VersionLoggerListener.log Java Home:             /usr/lib/jvm/java-1.8.0-openjdk-1.8.0.312.b07-2.el8_5.x86_64/jre
15-Dec-2021 10:01:21.708 INFO [main] org.apache.catalina.startup.VersionLoggerListener.log JVM Version:           1.8.0_312-b07
15-Dec-2021 10:01:21.708 INFO [main] org.apache.catalina.startup.VersionLoggerListener.log JVM Vendor:            Red Hat, Inc.
15-Dec-2021 10:01:21.708 INFO [main] org.apache.catalina.startup.VersionLoggerListener.log CATALINA_BASE:         /root/apache-tomcat-8.5.73
15-Dec-2021 10:01:21.708 INFO [main] org.apache.catalina.startup.VersionLoggerListener.log CATALINA_HOME:         /root/apache-tomcat-8.5.73
15-Dec-2021 10:01:21.708 INFO [main] org.apache.catalina.startup.VersionLoggerListener.log Command line argument: -Djava.util.logging.config.file=/root/tomcat/conf/logging.properties
15-Dec-2021 10:01:21.709 INFO [main] org.apache.catalina.startup.VersionLoggerListener.log Command line argument: -Djava.util.logging.manager=org.apache.juli.ClassLoaderLogManager
15-Dec-2021 10:01:21.709 INFO [main] org.apache.catalina.startup.VersionLoggerListener.log Command line argument: -Djdk.tls.ephemeralDHKeySize=2048
15-Dec-2021 10:01:21.709 INFO [main] org.apache.catalina.startup.VersionLoggerListener.log Command line argument: -Djava.protocol.handler.pkgs=org.apache.catalina.webresources
15-Dec-2021 10:01:21.709 INFO [main] org.apache.catalina.startup.VersionLoggerListener.log Command line argument: -Dorg.apache.catalina.security.SecurityListener.UMASK=0027
15-Dec-2021 10:01:21.709 INFO [main] org.apache.catalina.startup.VersionLoggerListener.log Command line argument: -Dignore.endorsed.dirs=
15-Dec-2021 10:01:21.709 INFO [main] org.apache.catalina.startup.VersionLoggerListener.log Command line argument: -Dcatalina.base=/root/tomcat
15-Dec-2021 10:01:21.709 INFO [main] org.apache.catalina.startup.VersionLoggerListener.log Command line argument: -Dcatalina.home=/root/tomcat
15-Dec-2021 10:01:21.709 INFO [main] org.apache.catalina.startup.VersionLoggerListener.log Command line argument: -Djava.io.tmpdir=/root/tomcat/temp
15-Dec-2021 10:01:21.709 INFO [main] org.apache.catalina.core.AprLifecycleListener.lifecycleEvent The Apache Tomcat Native library which allows using OpenSSL was not found on the java.library.path: [/usr/java/packages/lib/amd64:/usr/lib64:/lib64:/lib:/usr/lib]
15-Dec-2021 10:01:21.923 INFO [main] org.apache.coyote.AbstractProtocol.init Initializing ProtocolHandler ["http-nio-8080"]
15-Dec-2021 10:01:21.969 INFO [main] org.apache.tomcat.util.net.NioSelectorPool.getSharedSelector Using a shared selector for servlet write/read
15-Dec-2021 10:01:21.982 INFO [main] org.apache.catalina.startup.Catalina.load Initialization processed in 1472 ms
15-Dec-2021 10:01:22.091 INFO [main] org.apache.catalina.core.StandardService.startInternal Starting service [Catalina]
15-Dec-2021 10:01:22.091 INFO [main] org.apache.catalina.core.StandardEngine.startInternal Starting Servlet engine: [Apache Tomcat/8.5.73]
15-Dec-2021 10:01:22.134 INFO [localhost-startStop-1] org.apache.catalina.startup.HostConfig.deployWAR Deploying web application archive [/root/apache-tomcat-8.5.73/webapps/flipkart##1.0-SNAPSHOT.war]
15-Dec-2021 10:01:22.750 INFO [localhost-startStop-1] org.apache.catalina.startup.HostConfig.deployWAR Deployment of web application archive [/root/apache-tomcat-8.5.73/webapps/flipkart##1.0-SNAPSHOT.war] has finished in [616] ms
15-Dec-2021 10:01:22.776 INFO [localhost-startStop-1] org.apache.catalina.startup.HostConfig.deployDirectory Deploying web application directory [/root/apache-tomcat-8.5.73/webapps/ROOT]
15-Dec-2021 10:01:22.790 INFO [localhost-startStop-1] org.apache.catalina.startup.HostConfig.deployDirectory Deployment of web application directory [/root/apache-tomcat-8.5.73/webapps/ROOT] has finished in [13] ms
15-Dec-2021 10:01:22.790 INFO [localhost-startStop-1] org.apache.catalina.startup.HostConfig.deployDirectory Deploying web application directory [/root/apache-tomcat-8.5.73/webapps/docs]
15-Dec-2021 10:01:22.819 INFO [localhost-startStop-1] org.apache.catalina.startup.HostConfig.deployDirectory Deployment of web application directory [/root/apache-tomcat-8.5.73/webapps/docs] has finished in [29] ms
15-Dec-2021 10:01:22.819 INFO [localhost-startStop-1] org.apache.catalina.startup.HostConfig.deployDirectory Deploying web application directory [/root/apache-tomcat-8.5.73/webapps/examples]
15-Dec-2021 10:01:23.416 INFO [localhost-startStop-1] org.apache.catalina.startup.HostConfig.deployDirectory Deployment of web application directory [/root/apache-tomcat-8.5.73/webapps/examples] has finished in [597] ms
15-Dec-2021 10:01:23.416 INFO [localhost-startStop-1] org.apache.catalina.startup.HostConfig.deployDirectory Deploying web application directory [/root/apache-tomcat-8.5.73/webapps/host-manager]
15-Dec-2021 10:01:23.452 INFO [localhost-startStop-1] org.apache.catalina.startup.HostConfig.deployDirectory Deployment of web application directory [/root/apache-tomcat-8.5.73/webapps/host-manager] has finished in [36] ms
15-Dec-2021 10:01:23.452 INFO [localhost-startStop-1] org.apache.catalina.startup.HostConfig.deployDirectory Deploying web application directory [/root/apache-tomcat-8.5.73/webapps/manager]
15-Dec-2021 10:01:23.493 INFO [localhost-startStop-1] org.apache.catalina.startup.HostConfig.deployDirectory Deployment of web application directory [/root/apache-tomcat-8.5.73/webapps/manager] has finished in [41] ms
15-Dec-2021 10:01:23.514 INFO [main] org.apache.coyote.AbstractProtocol.start Starting ProtocolHandler ["http-nio-8080"]
15-Dec-2021 10:01:23.534 INFO [main] org.apache.catalina.startup.Catalina.start Server startup in 1552 ms
15-Dec-2021 10:02:42.617 INFO [http-nio-8080-exec-7] org.apache.catalina.util.LifecycleBase.stop The stop() method was called on component [StandardEngine[Catalina].StandardHost[localhost].StandardContext[/flipkart##1.0-SNAPSHOT]] after stop() had already been called. The second call will be ignored.
15-Dec-2021 10:02:43.122 INFO [http-nio-8080-exec-7] org.apache.catalina.startup.HostConfig.undeploy Undeploying context [/flipkart##1.0-SNAPSHOT]
15-Dec-2021 10:20:19.723 INFO [Thread-4] org.apache.coyote.AbstractProtocol.pause Pausing ProtocolHandler ["http-nio-8080"]
15-Dec-2021 10:20:19.750 INFO [Thread-4] org.apache.catalina.core.StandardService.stopInternal Stopping service [Catalina]
15-Dec-2021 10:20:19.849 INFO [Thread-4] org.apache.coyote.AbstractProtocol.stop Stopping ProtocolHandler ["http-nio-8080"]
15-Dec-2021 10:20:19.852 INFO [Thread-4] org.apache.coyote.AbstractProtocol.destroy Destroying ProtocolHandler ["http-nio-8080"]
