07-Dec-2021 14:07:02.941 INFO [http-nio-8080-exec-1] org.apache.catalina.core.ApplicationContext.log HTMLManager: init: Associated with Deployer 'Catalina:type=Deployer,host=localhost'
07-Dec-2021 14:07:02.941 INFO [http-nio-8080-exec-1] org.apache.catalina.core.ApplicationContext.log HTMLManager: init: Global resources are available
07-Dec-2021 14:07:02.954 INFO [http-nio-8080-exec-1] org.apache.catalina.core.ApplicationContext.log HTMLManager: list: Listing contexts for virtual host 'localhost'
07-Dec-2021 14:10:32.620 INFO [http-nio-8080-exec-1] org.apache.catalina.core.ApplicationContext.log Manager: init: Associated with Deployer 'Catalina:type=Deployer,host=localhost'
07-Dec-2021 14:10:32.621 INFO [http-nio-8080-exec-1] org.apache.catalina.core.ApplicationContext.log Manager: init: Global resources are available
07-Dec-2021 14:10:32.622 INFO [http-nio-8080-exec-1] org.apache.catalina.core.ApplicationContext.log Manager: deploy: Deploying web application '/flipkart##1.0-SNAPSHOT'
07-Dec-2021 14:10:32.622 INFO [http-nio-8080-exec-1] org.apache.catalina.core.ApplicationContext.log Manager: Uploading WAR file to /root/apache-tomcat-8.5.73/webapps/flipkart##1.0-SNAPSHOT.war.tmp
07-Dec-2021 14:10:41.158 INFO [http-nio-8080-exec-3] org.apache.catalina.core.ApplicationContext.log HTMLManager: list: Listing contexts for virtual host 'localhost'
07-Dec-2021 14:16:39.124 INFO [http-nio-8080-exec-8] org.apache.catalina.core.ApplicationContext.log HTMLManager: stop: Stopping web application '/flipkart##1.0-SNAPSHOT'
07-Dec-2021 14:16:39.144 INFO [http-nio-8080-exec-8] org.apache.catalina.core.ApplicationContext.log HTMLManager: list: Listing contexts for virtual host 'localhost'
07-Dec-2021 14:16:43.110 INFO [http-nio-8080-exec-4] org.apache.catalina.core.ApplicationContext.log HTMLManager: undeploy: Undeploying web application at '/flipkart##1.0-SNAPSHOT'
07-Dec-2021 14:16:43.615 INFO [http-nio-8080-exec-4] org.apache.catalina.core.ApplicationContext.log HTMLManager: list: Listing contexts for virtual host 'localhost'
07-Dec-2021 14:16:50.805 INFO [http-nio-8080-exec-9] org.apache.catalina.core.ApplicationContext.log HTMLManager: undeploy: Undeploying web application at '/flipkart##1.0-SNAPSHOT'
07-Dec-2021 14:16:50.805 INFO [http-nio-8080-exec-9] org.apache.catalina.core.ApplicationContext.log HTMLManager: list: Listing contexts for virtual host 'localhost'
07-Dec-2021 14:18:10.902 INFO [http-nio-8080-exec-11] org.apache.catalina.core.ApplicationContext.log Manager: deploy: Deploying web application '/flipkart##1.0-SNAPSHOT'
07-Dec-2021 14:18:10.903 INFO [http-nio-8080-exec-11] org.apache.catalina.core.ApplicationContext.log Manager: Uploading WAR file to /root/apache-tomcat-8.5.73/webapps/flipkart##1.0-SNAPSHOT.war.tmp
07-Dec-2021 14:18:21.222 INFO [http-nio-8080-exec-13] org.apache.catalina.core.ApplicationContext.log HTMLManager: undeploy: Undeploying web application at '/flipkart##1.0-SNAPSHOT'
07-Dec-2021 14:18:21.735 INFO [http-nio-8080-exec-13] org.apache.catalina.core.ApplicationContext.log HTMLManager: list: Listing contexts for virtual host 'localhost'
07-Dec-2021 14:18:33.051 INFO [http-nio-8080-exec-16] org.apache.catalina.core.ApplicationContext.log HTMLManager: undeploy: Undeploying web application at '/flipkart##1.0-SNAPSHOT'
07-Dec-2021 14:18:33.052 INFO [http-nio-8080-exec-16] org.apache.catalina.core.ApplicationContext.log HTMLManager: list: Listing contexts for virtual host 'localhost'
07-Dec-2021 14:18:54.150 INFO [http-nio-8080-exec-15] org.apache.catalina.core.ApplicationContext.log Manager: deploy: Deploying web application '/flipkart##1.0-SNAPSHOT'
07-Dec-2021 14:18:54.150 INFO [http-nio-8080-exec-15] org.apache.catalina.core.ApplicationContext.log Manager: Uploading WAR file to /root/apache-tomcat-8.5.73/webapps/flipkart##1.0-SNAPSHOT.war.tmp
07-Dec-2021 14:19:04.953 INFO [http-nio-8080-exec-1] org.apache.catalina.core.ApplicationContext.log HTMLManager: undeploy: Undeploying web application at '/flipkart##1.0-SNAPSHOT'
07-Dec-2021 14:19:05.465 INFO [http-nio-8080-exec-1] org.apache.catalina.core.ApplicationContext.log HTMLManager: list: Listing contexts for virtual host 'localhost'
07-Dec-2021 14:19:27.854 INFO [http-nio-8080-exec-20] org.apache.catalina.core.ApplicationContext.log HTMLManager: list: Listing contexts for virtual host 'localhost'
07-Dec-2021 14:19:34.710 INFO [http-nio-8080-exec-2] org.apache.catalina.core.ApplicationContext.log HTMLManager: list: Listing contexts for virtual host 'localhost'
07-Dec-2021 14:20:00.049 INFO [http-nio-8080-exec-5] org.apache.catalina.core.ApplicationContext.log Manager: deploy: Deploying web application '/flipkart##1.0-SNAPSHOT'
07-Dec-2021 14:20:00.049 INFO [http-nio-8080-exec-5] org.apache.catalina.core.ApplicationContext.log Manager: Uploading WAR file to /root/apache-tomcat-8.5.73/webapps/flipkart##1.0-SNAPSHOT.war.tmp
07-Dec-2021 14:20:12.348 INFO [http-nio-8080-exec-23] org.apache.catalina.core.ApplicationContext.log HTMLManager: list: Listing contexts for virtual host 'localhost'
