06-Dec-2021 14:16:45.813 INFO [http-nio-8080-exec-8] org.apache.catalina.core.ApplicationContext.log HTMLManager: init: Associated with Deployer 'Catalina:type=Deployer,host=localhost'
06-Dec-2021 14:16:45.813 INFO [http-nio-8080-exec-8] org.apache.catalina.core.ApplicationContext.log HTMLManager: init: Global resources are available
06-Dec-2021 14:16:45.828 INFO [http-nio-8080-exec-8] org.apache.catalina.core.ApplicationContext.log HTMLManager: list: Listing contexts for virtual host 'localhost'
06-Dec-2021 14:24:07.247 INFO [http-nio-8080-exec-5] org.apache.catalina.core.ApplicationContext.log HTMLManager: list: Listing contexts for virtual host 'localhost'
06-Dec-2021 14:24:18.439 INFO [http-nio-8080-exec-10] org.apache.catalina.core.ApplicationContext.log HTMLManager: list: Listing contexts for virtual host 'localhost'
06-Dec-2021 15:07:46.541 INFO [http-nio-8080-exec-9] org.apache.catalina.core.ApplicationContext.log Manager: init: Associated with Deployer 'Catalina:type=Deployer,host=localhost'
06-Dec-2021 15:07:46.542 INFO [http-nio-8080-exec-9] org.apache.catalina.core.ApplicationContext.log Manager: init: Global resources are available
06-Dec-2021 15:07:46.543 INFO [http-nio-8080-exec-9] org.apache.catalina.core.ApplicationContext.log Manager: deploy: Deploying web application '/flipkart##1.0-SNAPSHOT'
06-Dec-2021 15:07:46.543 INFO [http-nio-8080-exec-9] org.apache.catalina.core.ApplicationContext.log Manager: Uploading WAR file to /root/apache-tomcat-8.5.73/webapps/flipkart##1.0-SNAPSHOT.war.tmp
06-Dec-2021 15:08:07.885 INFO [http-nio-8080-exec-1] org.apache.catalina.core.ApplicationContext.log HTMLManager: list: Listing contexts for virtual host 'localhost'
06-Dec-2021 15:08:10.910 INFO [http-nio-8080-exec-2] org.apache.catalina.core.ApplicationContext.log HTMLManager: list: Listing contexts for virtual host 'localhost'
06-Dec-2021 15:08:12.034 INFO [http-nio-8080-exec-3] org.apache.catalina.core.ApplicationContext.log HTMLManager: list: Listing contexts for virtual host 'localhost'
06-Dec-2021 15:23:07.654 INFO [http-nio-8080-exec-8] org.apache.catalina.core.ApplicationContext.log HTMLManager: init: Associated with Deployer 'Catalina:type=Deployer,host=localhost'
06-Dec-2021 15:23:07.654 INFO [http-nio-8080-exec-8] org.apache.catalina.core.ApplicationContext.log HTMLManager: init: Global resources are available
06-Dec-2021 15:23:07.656 INFO [http-nio-8080-exec-8] org.apache.catalina.core.ApplicationContext.log HTMLManager: list: Listing contexts for virtual host 'localhost'
06-Dec-2021 15:23:15.280 INFO [http-nio-8080-exec-9] org.apache.catalina.core.ApplicationContext.log HTMLManager: list: Listing contexts for virtual host 'localhost'
06-Dec-2021 15:23:33.076 INFO [http-nio-8080-exec-4] org.apache.catalina.core.ApplicationContext.log HTMLManager: undeploy: Undeploying web application at '/flipkart##1.0-SNAPSHOT'
06-Dec-2021 15:23:33.591 INFO [http-nio-8080-exec-4] org.apache.catalina.core.ApplicationContext.log HTMLManager: list: Listing contexts for virtual host 'localhost'
06-Dec-2021 15:25:01.686 INFO [http-nio-8080-exec-11] org.apache.catalina.core.ApplicationContext.log Manager: init: Associated with Deployer 'Catalina:type=Deployer,host=localhost'
06-Dec-2021 15:25:01.686 INFO [http-nio-8080-exec-11] org.apache.catalina.core.ApplicationContext.log Manager: init: Global resources are available
06-Dec-2021 15:25:01.687 INFO [http-nio-8080-exec-11] org.apache.catalina.core.ApplicationContext.log Manager: deploy: Deploying web application '/flipkart##1.0-SNAPSHOT'
06-Dec-2021 15:25:01.687 INFO [http-nio-8080-exec-11] org.apache.catalina.core.ApplicationContext.log Manager: Uploading WAR file to /root/apache-tomcat-8.5.73/webapps/flipkart##1.0-SNAPSHOT.war.tmp
06-Dec-2021 15:25:12.042 INFO [http-nio-8080-exec-3] org.apache.catalina.core.ApplicationContext.log HTMLManager: undeploy: Undeploying web application at '/flipkart##1.0-SNAPSHOT'
06-Dec-2021 15:25:12.556 INFO [http-nio-8080-exec-3] org.apache.catalina.core.ApplicationContext.log HTMLManager: list: Listing contexts for virtual host 'localhost'
06-Dec-2021 15:25:21.914 INFO [http-nio-8080-exec-12] org.apache.catalina.core.ApplicationContext.log HTMLManager: undeploy: Undeploying web application at '/flipkart##1.0-SNAPSHOT'
06-Dec-2021 15:25:21.914 INFO [http-nio-8080-exec-12] org.apache.catalina.core.ApplicationContext.log HTMLManager: list: Listing contexts for virtual host 'localhost'
06-Dec-2021 15:26:32.156 INFO [http-nio-8080-exec-16] org.apache.catalina.core.ApplicationContext.log HTMLManager: list: Listing contexts for virtual host 'localhost'
06-Dec-2021 15:26:53.357 INFO [http-nio-8080-exec-14] org.apache.catalina.core.ApplicationContext.log Manager: deploy: Deploying web application '/flipkart##1.0-SNAPSHOT'
06-Dec-2021 15:26:53.357 INFO [http-nio-8080-exec-14] org.apache.catalina.core.ApplicationContext.log Manager: Uploading WAR file to /root/apache-tomcat-8.5.73/webapps/flipkart##1.0-SNAPSHOT.war.tmp
06-Dec-2021 15:27:04.496 INFO [http-nio-8080-exec-13] org.apache.catalina.core.ApplicationContext.log HTMLManager: list: Listing contexts for virtual host 'localhost'
06-Dec-2021 15:36:43.316 INFO [http-nio-8080-exec-15] org.apache.catalina.core.ApplicationContext.log HTMLManager: stop: Stopping web application '/flipkart##1.0-SNAPSHOT'
06-Dec-2021 15:36:43.324 INFO [http-nio-8080-exec-15] org.apache.catalina.core.ApplicationContext.log HTMLManager: list: Listing contexts for virtual host 'localhost'
06-Dec-2021 15:36:45.335 INFO [http-nio-8080-exec-21] org.apache.catalina.core.ApplicationContext.log HTMLManager: undeploy: Undeploying web application at '/flipkart##1.0-SNAPSHOT'
06-Dec-2021 15:36:45.839 INFO [http-nio-8080-exec-21] org.apache.catalina.core.ApplicationContext.log HTMLManager: list: Listing contexts for virtual host 'localhost'
06-Dec-2021 15:36:51.790 INFO [http-nio-8080-exec-17] org.apache.catalina.core.ApplicationContext.log HTMLManager: undeploy: Undeploying web application at '/flipkart##1.0-SNAPSHOT'
06-Dec-2021 15:36:51.790 INFO [http-nio-8080-exec-17] org.apache.catalina.core.ApplicationContext.log HTMLManager: list: Listing contexts for virtual host 'localhost'
06-Dec-2021 15:38:02.500 INFO [http-nio-8080-exec-25] org.apache.catalina.core.ApplicationContext.log Manager: deploy: Deploying web application '/flipkart##1.0-SNAPSHOT'
06-Dec-2021 15:38:02.500 INFO [http-nio-8080-exec-25] org.apache.catalina.core.ApplicationContext.log Manager: Uploading WAR file to /root/apache-tomcat-8.5.73/webapps/flipkart##1.0-SNAPSHOT.war.tmp
06-Dec-2021 15:38:29.175 INFO [http-nio-8080-exec-27] org.apache.catalina.core.ApplicationContext.log HTMLManager: undeploy: Undeploying web application at '/flipkart##1.0-SNAPSHOT'
06-Dec-2021 15:38:29.688 INFO [http-nio-8080-exec-27] org.apache.catalina.core.ApplicationContext.log HTMLManager: list: Listing contexts for virtual host 'localhost'
06-Dec-2021 15:38:37.751 INFO [http-nio-8080-exec-25] org.apache.catalina.core.ApplicationContext.log HTMLManager: undeploy: Undeploying web application at '/flipkart##1.0-SNAPSHOT'
06-Dec-2021 15:38:37.751 INFO [http-nio-8080-exec-25] org.apache.catalina.core.ApplicationContext.log HTMLManager: list: Listing contexts for virtual host 'localhost'
06-Dec-2021 15:38:56.108 INFO [http-nio-8080-exec-20] org.apache.catalina.core.ApplicationContext.log HTMLManager: list: Listing contexts for virtual host 'localhost'
06-Dec-2021 15:39:23.956 INFO [http-nio-8080-exec-28] org.apache.catalina.core.ApplicationContext.log HTMLManager: list: Listing contexts for virtual host 'localhost'
06-Dec-2021 15:39:27.015 INFO [48] org.apache.catalina.core.ApplicationContext.log HTMLManager: list: Listing contexts for virtual host 'localhost'
06-Dec-2021 15:39:28.447 INFO [37] org.apache.catalina.core.ApplicationContext.log HTMLManager: list: Listing contexts for virtual host 'localhost'
06-Dec-2021 15:39:29.593 INFO [http-nio-8080-exec-31] org.apache.catalina.core.ApplicationContext.log HTMLManager: list: Listing contexts for virtual host 'localhost'
06-Dec-2021 15:39:30.664 INFO [http-nio-8080-exec-32] org.apache.catalina.core.ApplicationContext.log HTMLManager: list: Listing contexts for virtual host 'localhost'
06-Dec-2021 15:39:31.006 INFO [http-nio-8080-exec-33] org.apache.catalina.core.ApplicationContext.log HTMLManager: list: Listing contexts for virtual host 'localhost'
06-Dec-2021 15:39:31.621 INFO [http-nio-8080-exec-34] org.apache.catalina.core.ApplicationContext.log HTMLManager: list: Listing contexts for virtual host 'localhost'
06-Dec-2021 15:39:31.968 INFO [http-nio-8080-exec-35] org.apache.catalina.core.ApplicationContext.log HTMLManager: list: Listing contexts for virtual host 'localhost'
06-Dec-2021 15:39:32.115 INFO [http-nio-8080-exec-36] org.apache.catalina.core.ApplicationContext.log HTMLManager: list: Listing contexts for virtual host 'localhost'
06-Dec-2021 15:39:32.916 INFO [http-nio-8080-exec-37] org.apache.catalina.core.ApplicationContext.log HTMLManager: list: Listing contexts for virtual host 'localhost'
06-Dec-2021 15:39:33.289 INFO [http-nio-8080-exec-38] org.apache.catalina.core.ApplicationContext.log HTMLManager: list: Listing contexts for virtual host 'localhost'
06-Dec-2021 15:39:49.460 INFO [http-nio-8080-exec-40] org.apache.catalina.core.ApplicationContext.log Manager: deploy: Deploying web application '/flipkart##1.0-SNAPSHOT'
06-Dec-2021 15:39:49.460 INFO [http-nio-8080-exec-40] org.apache.catalina.core.ApplicationContext.log Manager: Uploading WAR file to /root/apache-tomcat-8.5.73/webapps/flipkart##1.0-SNAPSHOT.war.tmp
06-Dec-2021 15:40:06.659 INFO [http-nio-8080-exec-33] org.apache.catalina.core.ApplicationContext.log HTMLManager: list: Listing contexts for virtual host 'localhost'
06-Dec-2021 15:40:55.782 INFO [http-nio-8080-exec-38] org.apache.catalina.core.ApplicationContext.log HTMLManager: undeploy: Undeploying web application at '/flipkart##1.0-SNAPSHOT'
06-Dec-2021 15:40:56.294 INFO [http-nio-8080-exec-38] org.apache.catalina.core.ApplicationContext.log HTMLManager: list: Listing contexts for virtual host 'localhost'
